<?xml version="1.0" encoding="UTF-8"?>
<!-- Generated by org.testng.reporters.JUnitReportReporter -->
<testsuite hostname="DESKTOP-8K1UJRT" failures="0" tests="1" name="doaa.project.LoginTest" time="27.911" errors="0" timestamp="2024-05-05T17:30:44 EEST" skipped="0">
  <testcase classname="doaa.project.LoginTest" name="testLoginAndSearch" time="27.911"/>
</testsuite> <!-- doaa.project.LoginTest -->
