<?xml version="1.0" encoding="UTF-8"?>
<!-- Generated by org.testng.reporters.JUnitReportReporter -->
<testsuite hostname="DESKTOP-8K1UJRT" failures="0" tests="1" name="doaa.project.LoginTest" time="126.298" errors="0" timestamp="2024-05-02T12:13:31 EEST" skipped="0">
  <testcase classname="doaa.project.LoginTest" name="testLoginAndSearch" time="126.298"/>
</testsuite> <!-- doaa.project.LoginTest -->
